2026-05-02 11:30:45 [INFO] com.internship.tool.PersonalDataInventoryApplication - Starting PersonalDataInventoryApplication using Java 17.0.18 with PID 29432 (C:\Users\ASUS\Documents\IdeaProjects\personal-data-inventory\target\classes started by ASUS in C:\Users\ASUS\Documents\IdeaProjects\personal-data-inventory)
2026-05-02 11:30:45 [DEBUG] com.internship.tool.PersonalDataInventoryApplication - Running with Spring Boot v3.2.5, Spring v6.1.6
2026-05-02 11:30:45 [INFO] com.internship.tool.PersonalDataInventoryApplication - No active profile set, falling back to 1 default profile: "default"
2026-05-02 11:30:47 [INFO] org.springframework.data.repository.config.RepositoryConfigurationDelegate - Multiple Spring Data modules found, entering strict repository configuration mode
2026-05-02 11:30:47 [INFO] org.springframework.data.repository.config.RepositoryConfigurationDelegate - Bootstrapping Spring Data JPA repositories in DEFAULT mode.
2026-05-02 11:30:47 [INFO] org.springframework.data.repository.config.RepositoryConfigurationDelegate - Finished Spring Data repository scanning in 183 ms. Found 1 JPA repository interface.
2026-05-02 11:30:47 [INFO] org.springframework.data.repository.config.RepositoryConfigurationDelegate - Multiple Spring Data modules found, entering strict repository configuration mode
2026-05-02 11:30:47 [INFO] org.springframework.data.repository.config.RepositoryConfigurationDelegate - Bootstrapping Spring Data Redis repositories in DEFAULT mode.
2026-05-02 11:30:47 [INFO] org.springframework.data.repository.config.RepositoryConfigurationExtensionSupport - Spring Data Redis - Could not safely identify store assignment for repository candidate interface com.internship.tool.repository.DataItemRepository; If you want this repository to be a Redis repository, consider annotating your entities with one of these annotations: org.springframework.data.redis.core.RedisHash (preferred), or consider extending one of the following types with your repository: org.springframework.data.keyvalue.repository.KeyValueRepository
2026-05-02 11:30:47 [INFO] org.springframework.data.repository.config.RepositoryConfigurationDelegate - Finished Spring Data repository scanning in 8 ms. Found 0 Redis repository interfaces.
2026-05-02 11:30:48 [INFO] org.springframework.boot.web.embedded.tomcat.TomcatWebServer - Tomcat initialized with port 8080 (http)
2026-05-02 11:30:48 [INFO] org.apache.catalina.core.StandardService - Starting service [Tomcat]
2026-05-02 11:30:48 [INFO] org.apache.catalina.core.StandardEngine - Starting Servlet engine: [Apache Tomcat/10.1.20]
2026-05-02 11:30:48 [INFO] org.apache.catalina.core.ContainerBase.[Tomcat].[localhost].[/] - Initializing Spring embedded WebApplicationContext
2026-05-02 11:30:48 [INFO] org.springframework.boot.web.servlet.context.ServletWebServerApplicationContext - Root WebApplicationContext: initialization completed in 3142 ms
2026-05-02 11:30:49 [DEBUG] com.internship.tool.security.JwtAuthFilter - Filter 'jwtAuthFilter' configured for use
2026-05-02 11:30:49 [INFO] org.hibernate.jpa.internal.util.LogHelper - HHH000204: Processing PersistenceUnitInfo [name: default]
2026-05-02 11:30:49 [INFO] org.hibernate.Version - HHH000412: Hibernate ORM core version 6.4.4.Final
2026-05-02 11:30:49 [INFO] org.hibernate.cache.internal.RegionFactoryInitiator - HHH000026: Second-level cache disabled
2026-05-02 11:30:50 [INFO] org.springframework.orm.jpa.persistenceunit.SpringPersistenceUnitInfo - No LoadTimeWeaver setup: ignoring JPA class transformer
2026-05-02 11:30:50 [INFO] com.zaxxer.hikari.HikariDataSource - HikariPool-1 - Starting...
2026-05-02 11:30:50 [INFO] com.zaxxer.hikari.pool.HikariPool - HikariPool-1 - Added connection org.postgresql.jdbc.PgConnection@20556566
2026-05-02 11:30:50 [INFO] com.zaxxer.hikari.HikariDataSource - HikariPool-1 - Start completed.
2026-05-02 11:30:51 [INFO] org.hibernate.engine.transaction.jta.platform.internal.JtaPlatformInitiator - HHH000489: No JTA platform available (set 'hibernate.transaction.jta.platform' to enable JTA platform integration)
2026-05-02 11:30:51 [INFO] org.springframework.orm.jpa.LocalContainerEntityManagerFactoryBean - Initialized JPA EntityManagerFactory for persistence unit 'default'
2026-05-02 11:30:54 [INFO] org.springframework.boot.actuate.endpoint.web.EndpointLinksResolver - Exposing 14 endpoint(s) beneath base path '/actuator'
2026-05-02 11:30:54 [INFO] org.springframework.security.web.DefaultSecurityFilterChain - Will secure any request with [org.springframework.security.web.session.DisableEncodeUrlFilter@16486ab3, org.springframework.security.web.context.request.async.WebAsyncManagerIntegrationFilter@1b13e4fb, org.springframework.security.web.context.SecurityContextHolderFilter@591bff1d, org.springframework.security.web.header.HeaderWriterFilter@42748f59, org.springframework.web.filter.CorsFilter@327fd5c9, org.springframework.security.web.authentication.logout.LogoutFilter@6a339bc1, com.internship.tool.security.JwtAuthFilter@601d295, org.springframework.security.web.savedrequest.RequestCacheAwareFilter@52364a6e, org.springframework.security.web.servletapi.SecurityContextHolderAwareRequestFilter@3ba55a6b, org.springframework.security.web.authentication.AnonymousAuthenticationFilter@5cb6fac3, org.springframework.security.web.access.ExceptionTranslationFilter@456d3914, org.springframework.security.web.access.intercept.AuthorizationFilter@5a318745]
2026-05-02 11:30:55 [INFO] org.springframework.boot.web.embedded.tomcat.TomcatWebServer - Tomcat started on port 8080 (http) with context path ''
2026-05-02 11:30:55 [INFO] com.internship.tool.PersonalDataInventoryApplication - Started PersonalDataInventoryApplication in 10.192 seconds (process running for 10.713)
2026-05-02 11:32:16 [INFO] org.springframework.orm.jpa.LocalContainerEntityManagerFactoryBean - Closing JPA EntityManagerFactory for persistence unit 'default'
2026-05-02 11:32:16 [INFO] com.zaxxer.hikari.HikariDataSource - HikariPool-1 - Shutdown initiated...
2026-05-02 11:32:16 [INFO] com.zaxxer.hikari.HikariDataSource - HikariPool-1 - Shutdown completed.
2026-05-02 11:33:07 [INFO] com.internship.tool.PersonalDataInventoryApplication - Starting PersonalDataInventoryApplication using Java 17.0.18 with PID 40056 (C:\Users\ASUS\Documents\IdeaProjects\personal-data-inventory\target\classes started by ASUS in C:\Users\ASUS\Documents\IdeaProjects\personal-data-inventory)
2026-05-02 11:33:07 [DEBUG] com.internship.tool.PersonalDataInventoryApplication - Running with Spring Boot v3.2.5, Spring v6.1.6
2026-05-02 11:33:07 [INFO] com.internship.tool.PersonalDataInventoryApplication - No active profile set, falling back to 1 default profile: "default"
2026-05-02 11:33:09 [INFO] org.springframework.data.repository.config.RepositoryConfigurationDelegate - Multiple Spring Data modules found, entering strict repository configuration mode
2026-05-02 11:33:09 [INFO] org.springframework.data.repository.config.RepositoryConfigurationDelegate - Bootstrapping Spring Data JPA repositories in DEFAULT mode.
2026-05-02 11:33:09 [INFO] org.springframework.data.repository.config.RepositoryConfigurationDelegate - Finished Spring Data repository scanning in 142 ms. Found 1 JPA repository interface.
2026-05-02 11:33:09 [INFO] org.springframework.data.repository.config.RepositoryConfigurationDelegate - Multiple Spring Data modules found, entering strict repository configuration mode
2026-05-02 11:33:09 [INFO] org.springframework.data.repository.config.RepositoryConfigurationDelegate - Bootstrapping Spring Data Redis repositories in DEFAULT mode.
2026-05-02 11:33:09 [INFO] org.springframework.data.repository.config.RepositoryConfigurationExtensionSupport - Spring Data Redis - Could not safely identify store assignment for repository candidate interface com.internship.tool.repository.DataItemRepository; If you want this repository to be a Redis repository, consider annotating your entities with one of these annotations: org.springframework.data.redis.core.RedisHash (preferred), or consider extending one of the following types with your repository: org.springframework.data.keyvalue.repository.KeyValueRepository
2026-05-02 11:33:09 [INFO] org.springframework.data.repository.config.RepositoryConfigurationDelegate - Finished Spring Data repository scanning in 8 ms. Found 0 Redis repository interfaces.
2026-05-02 11:33:10 [INFO] org.springframework.boot.web.embedded.tomcat.TomcatWebServer - Tomcat initialized with port 8080 (http)
2026-05-02 11:33:10 [INFO] org.apache.catalina.core.StandardService - Starting service [Tomcat]
2026-05-02 11:33:10 [INFO] org.apache.catalina.core.StandardEngine - Starting Servlet engine: [Apache Tomcat/10.1.20]
2026-05-02 11:33:10 [INFO] org.apache.catalina.core.ContainerBase.[Tomcat].[localhost].[/] - Initializing Spring embedded WebApplicationContext
2026-05-02 11:33:10 [INFO] org.springframework.boot.web.servlet.context.ServletWebServerApplicationContext - Root WebApplicationContext: initialization completed in 2872 ms
2026-05-02 11:33:10 [DEBUG] com.internship.tool.security.JwtAuthFilter - Filter 'jwtAuthFilter' configured for use
2026-05-02 11:33:11 [INFO] org.hibernate.jpa.internal.util.LogHelper - HHH000204: Processing PersistenceUnitInfo [name: default]
2026-05-02 11:33:11 [INFO] org.hibernate.Version - HHH000412: Hibernate ORM core version 6.4.4.Final
2026-05-02 11:33:11 [INFO] org.hibernate.cache.internal.RegionFactoryInitiator - HHH000026: Second-level cache disabled
2026-05-02 11:33:11 [INFO] org.springframework.orm.jpa.persistenceunit.SpringPersistenceUnitInfo - No LoadTimeWeaver setup: ignoring JPA class transformer
2026-05-02 11:33:11 [INFO] com.zaxxer.hikari.HikariDataSource - HikariPool-1 - Starting...
2026-05-02 11:33:11 [INFO] com.zaxxer.hikari.pool.HikariPool - HikariPool-1 - Added connection org.postgresql.jdbc.PgConnection@7736c41e
2026-05-02 11:33:11 [INFO] com.zaxxer.hikari.HikariDataSource - HikariPool-1 - Start completed.
2026-05-02 11:33:12 [INFO] org.hibernate.engine.transaction.jta.platform.internal.JtaPlatformInitiator - HHH000489: No JTA platform available (set 'hibernate.transaction.jta.platform' to enable JTA platform integration)
2026-05-02 11:33:13 [INFO] org.springframework.orm.jpa.LocalContainerEntityManagerFactoryBean - Initialized JPA EntityManagerFactory for persistence unit 'default'
2026-05-02 11:33:15 [INFO] org.springframework.boot.actuate.endpoint.web.EndpointLinksResolver - Exposing 14 endpoint(s) beneath base path '/actuator'
2026-05-02 11:33:15 [INFO] org.springframework.security.web.DefaultSecurityFilterChain - Will secure any request with [org.springframework.security.web.session.DisableEncodeUrlFilter@701c092c, org.springframework.security.web.context.request.async.WebAsyncManagerIntegrationFilter@20c4be8d, org.springframework.security.web.context.SecurityContextHolderFilter@142f0ac1, org.springframework.security.web.header.HeaderWriterFilter@42a08547, org.springframework.web.filter.CorsFilter@590182a6, org.springframework.security.web.authentication.logout.LogoutFilter@520b547c, com.internship.tool.security.JwtAuthFilter@1f71e024, org.springframework.security.web.savedrequest.RequestCacheAwareFilter@635f4be1, org.springframework.security.web.servletapi.SecurityContextHolderAwareRequestFilter@783a2fec, org.springframework.security.web.authentication.AnonymousAuthenticationFilter@6af6a3b, org.springframework.security.web.access.ExceptionTranslationFilter@412b90cc, org.springframework.security.web.access.intercept.AuthorizationFilter@3d36204f]
2026-05-02 11:33:16 [INFO] org.springframework.boot.web.embedded.tomcat.TomcatWebServer - Tomcat started on port 8080 (http) with context path ''
2026-05-02 11:33:16 [INFO] com.internship.tool.PersonalDataInventoryApplication - Started PersonalDataInventoryApplication in 9.291 seconds (process running for 9.872)
2026-05-02 11:45:30 [INFO] org.springframework.orm.jpa.LocalContainerEntityManagerFactoryBean - Closing JPA EntityManagerFactory for persistence unit 'default'
2026-05-02 11:45:30 [INFO] com.zaxxer.hikari.HikariDataSource - HikariPool-1 - Shutdown initiated...
2026-05-02 11:45:30 [INFO] com.zaxxer.hikari.HikariDataSource - HikariPool-1 - Shutdown completed.
